{"D:\\Code\\blog\\src\\data-structure\\一维数据结构\\链表\\model.ts": {"path":"D:\\Code\\blog\\src\\data-structure\\一维数据结构\\链表\\model.ts","statementMap":{"0":{"start":{"line":7,"column":4},"end":{"line":7,"column":19}},"1":{"start":{"line":8,"column":4},"end":{"line":8,"column":26}},"2":{"start":{"line":2,"column":0},"end":{"line":2,"column":13}}},"fnMap":{"0":{"name":"(anonymous_0)","decl":{"start":{"line":6,"column":2},"end":{"line":6,"column":14}},"loc":{"start":{"line":6,"column":20},"end":{"line":9,"column":3}}}},"branchMap":{},"s":{"0":4,"1":4,"2":1},"f":{"0":4},"b":{}}
,"D:\\Code\\blog\\src\\data-structure\\一维数据结构\\链表\\link-list\\LinkedList.ts": {"path":"D:\\Code\\blog\\src\\data-structure\\一维数据结构\\链表\\link-list\\LinkedList.ts","statementMap":{"0":{"start":{"line":1,"column":0},"end":{"line":1,"column":32}},"1":{"start":{"line":11,"column":4},"end":{"line":11,"column":19}},"2":{"start":{"line":12,"column":4},"end":{"line":12,"column":26}},"3":{"start":{"line":13,"column":4},"end":{"line":13,"column":26}},"4":{"start":{"line":17,"column":4},"end":{"line":17,"column":22}},"5":{"start":{"line":22,"column":4},"end":{"line":22,"column":21}},"6":{"start":{"line":27,"column":4},"end":{"line":27,"column":28}},"7":{"start":{"line":35,"column":4},"end":{"line":37,"column":null}},"8":{"start":{"line":36,"column":6},"end":{"line":36,"column":23}},"9":{"start":{"line":39,"column":4},"end":{"line":41,"column":null}},"10":{"start":{"line":40,"column":6},"end":{"line":40,"column":23}},"11":{"start":{"line":43,"column":22},"end":{"line":43,"column":36}},"12":{"start":{"line":45,"column":4},"end":{"line":47,"column":null}},"13":{"start":{"line":45,"column":17},"end":{"line":45,"column":18}},"14":{"start":{"line":46,"column":6},"end":{"line":46,"column":37}},"15":{"start":{"line":49,"column":4},"end":{"line":49,"column":23}},"16":{"start":{"line":57,"column":4},"end":{"line":59,"column":null}},"17":{"start":{"line":58,"column":6},"end":{"line":58,"column":23}},"18":{"start":{"line":61,"column":4},"end":{"line":66,"column":null}},"19":{"start":{"line":62,"column":24},"end":{"line":62,"column":38}},"20":{"start":{"line":63,"column":6},"end":{"line":63,"column":33}},"21":{"start":{"line":64,"column":6},"end":{"line":64,"column":19}},"22":{"start":{"line":65,"column":6},"end":{"line":65,"column":25}},"23":{"start":{"line":68,"column":25},"end":{"line":68,"column":50}},"24":{"start":{"line":69,"column":24},"end":{"line":69,"column":45}},"25":{"start":{"line":70,"column":4},"end":{"line":70,"column":43}},"26":{"start":{"line":71,"column":4},"end":{"line":71,"column":17}},"27":{"start":{"line":72,"column":4},"end":{"line":72,"column":23}},"28":{"start":{"line":81,"column":22},"end":{"line":81,"column":31}},"29":{"start":{"line":83,"column":4},"end":{"line":91,"column":null}},"30":{"start":{"line":83,"column":17},"end":{"line":83,"column":18}},"31":{"start":{"line":85,"column":6},"end":{"line":88,"column":null}},"32":{"start":{"line":87,"column":8},"end":{"line":87,"column":17}},"33":{"start":{"line":90,"column":6},"end":{"line":90,"column":37}},"34":{"start":{"line":93,"column":4},"end":{"line":93,"column":14}},"35":{"start":{"line":98,"column":17},"end":{"line":98,"column":30}},"36":{"start":{"line":100,"column":4},"end":{"line":108,"column":null}},"37":{"start":{"line":101,"column":6},"end":{"line":101,"column":23}},"38":{"start":{"line":103,"column":24},"end":{"line":103,"column":38}},"39":{"start":{"line":104,"column":6},"end":{"line":106,"column":null}},"40":{"start":{"line":105,"column":8},"end":{"line":105,"column":39}},"41":{"start":{"line":107,"column":6},"end":{"line":107,"column":31}},"42":{"start":{"line":110,"column":4},"end":{"line":110,"column":17}},"43":{"start":{"line":119,"column":4},"end":{"line":121,"column":null}},"44":{"start":{"line":120,"column":6},"end":{"line":120,"column":19}},"45":{"start":{"line":123,"column":17},"end":{"line":123,"column":30}},"46":{"start":{"line":125,"column":4},"end":{"line":130,"column":null}},"47":{"start":{"line":126,"column":6},"end":{"line":126,"column":33}},"48":{"start":{"line":127,"column":6},"end":{"line":127,"column":23}},"49":{"start":{"line":128,"column":6},"end":{"line":128,"column":19}},"50":{"start":{"line":129,"column":6},"end":{"line":129,"column":18}},"51":{"start":{"line":132,"column":25},"end":{"line":132,"column":50}},"52":{"start":{"line":133,"column":4},"end":{"line":133,"column":35}},"53":{"start":{"line":134,"column":4},"end":{"line":134,"column":30}},"54":{"start":{"line":135,"column":4},"end":{"line":135,"column":16}},"55":{"start":{"line":139,"column":14},"end":{"line":139,"column":16}},"56":{"start":{"line":140,"column":18},"end":{"line":140,"column":32}},"57":{"start":{"line":142,"column":4},"end":{"line":145,"column":null}},"58":{"start":{"line":143,"column":6},"end":{"line":143,"column":28}},"59":{"start":{"line":144,"column":6},"end":{"line":144,"column":29}},"60":{"start":{"line":146,"column":4},"end":{"line":146,"column":25}},"61":{"start":{"line":3,"column":0},"end":{"line":3,"column":13}}},"fnMap":{"0":{"name":"(anonymous_0)","decl":{"start":{"line":9,"column":2},"end":{"line":9,"column":null}},"loc":{"start":{"line":9,"column":2},"end":{"line":14,"column":3}}},"1":{"name":"(anonymous_1)","decl":{"start":{"line":16,"column":2},"end":{"line":16,"column":9}},"loc":{"start":{"line":16,"column":9},"end":{"line":18,"column":3}}},"2":{"name":"(anonymous_2)","decl":{"start":{"line":21,"column":2},"end":{"line":21,"column":9}},"loc":{"start":{"line":21,"column":9},"end":{"line":23,"column":3}}},"3":{"name":"(anonymous_3)","decl":{"start":{"line":26,"column":2},"end":{"line":26,"column":9}},"loc":{"start":{"line":26,"column":9},"end":{"line":28,"column":3}}},"4":{"name":"(anonymous_4)","decl":{"start":{"line":34,"column":2},"end":{"line":34,"column":11}},"loc":{"start":{"line":34,"column":25},"end":{"line":50,"column":3}}},"5":{"name":"(anonymous_5)","decl":{"start":{"line":56,"column":2},"end":{"line":56,"column":14}},"loc":{"start":{"line":56,"column":28},"end":{"line":73,"column":3}}},"6":{"name":"(anonymous_6)","decl":{"start":{"line":79,"column":2},"end":{"line":79,"column":9}},"loc":{"start":{"line":79,"column":18},"end":{"line":94,"column":3}}},"7":{"name":"(anonymous_7)","decl":{"start":{"line":97,"column":2},"end":{"line":97,"column":6}},"loc":{"start":{"line":97,"column":15},"end":{"line":111,"column":3}}},"8":{"name":"(anonymous_8)","decl":{"start":{"line":118,"column":2},"end":{"line":118,"column":8}},"loc":{"start":{"line":118,"column":32},"end":{"line":136,"column":3}}},"9":{"name":"(anonymous_9)","decl":{"start":{"line":138,"column":2},"end":{"line":138,"column":10}},"loc":{"start":{"line":138,"column":10},"end":{"line":147,"column":3}}}},"branchMap":{"0":{"loc":{"start":{"line":35,"column":4},"end":{"line":37,"column":null}},"type":"if","locations":[{"start":{"line":35,"column":4},"end":{"line":37,"column":null}},{"start":{"line":35,"column":4},"end":{"line":37,"column":null}}]},"1":{"loc":{"start":{"line":35,"column":8},"end":{"line":35,"column":17}},"type":"binary-expr","locations":[{"start":{"line":35,"column":8},"end":{"line":35,"column":17}},{"start":{"line":35,"column":21},"end":{"line":35,"column":44}}]},"2":{"loc":{"start":{"line":39,"column":4},"end":{"line":41,"column":null}},"type":"if","locations":[{"start":{"line":39,"column":4},"end":{"line":41,"column":null}},{"start":{"line":39,"column":4},"end":{"line":41,"column":null}}]},"3":{"loc":{"start":{"line":45,"column":20},"end":{"line":45,"column":29}},"type":"binary-expr","locations":[{"start":{"line":45,"column":20},"end":{"line":45,"column":29}},{"start":{"line":45,"column":33},"end":{"line":45,"column":44}}]},"4":{"loc":{"start":{"line":57,"column":4},"end":{"line":59,"column":null}},"type":"if","locations":[{"start":{"line":57,"column":4},"end":{"line":59,"column":null}},{"start":{"line":57,"column":4},"end":{"line":59,"column":null}}]},"5":{"loc":{"start":{"line":57,"column":8},"end":{"line":57,"column":17}},"type":"binary-expr","locations":[{"start":{"line":57,"column":8},"end":{"line":57,"column":17}},{"start":{"line":57,"column":21},"end":{"line":57,"column":44}}]},"6":{"loc":{"start":{"line":61,"column":4},"end":{"line":66,"column":null}},"type":"if","locations":[{"start":{"line":61,"column":4},"end":{"line":66,"column":null}},{"start":{"line":61,"column":4},"end":{"line":66,"column":null}}]},"7":{"loc":{"start":{"line":83,"column":20},"end":{"line":83,"column":38}},"type":"binary-expr","locations":[{"start":{"line":83,"column":20},"end":{"line":83,"column":38}},{"start":{"line":83,"column":42},"end":{"line":83,"column":61}}]},"8":{"loc":{"start":{"line":85,"column":6},"end":{"line":88,"column":null}},"type":"if","locations":[{"start":{"line":85,"column":6},"end":{"line":88,"column":null}},{"start":{"line":85,"column":6},"end":{"line":88,"column":null}}]},"9":{"loc":{"start":{"line":100,"column":4},"end":{"line":108,"column":null}},"type":"if","locations":[{"start":{"line":100,"column":4},"end":{"line":108,"column":null}},{"start":{"line":100,"column":4},"end":{"line":108,"column":null}}]},"10":{"loc":{"start":{"line":119,"column":4},"end":{"line":121,"column":null}},"type":"if","locations":[{"start":{"line":119,"column":4},"end":{"line":121,"column":null}},{"start":{"line":119,"column":4},"end":{"line":121,"column":null}}]},"11":{"loc":{"start":{"line":119,"column":8},"end":{"line":119,"column":17}},"type":"binary-expr","locations":[{"start":{"line":119,"column":8},"end":{"line":119,"column":17}},{"start":{"line":119,"column":21},"end":{"line":119,"column":44}}]},"12":{"loc":{"start":{"line":125,"column":4},"end":{"line":130,"column":null}},"type":"if","locations":[{"start":{"line":125,"column":4},"end":{"line":130,"column":null}},{"start":{"line":125,"column":4},"end":{"line":130,"column":null}}]}},"s":{"0":1,"1":1,"2":1,"3":1,"4":1,"5":4,"6":5,"7":1,"8":0,"9":1,"10":0,"11":1,"12":1,"13":1,"14":0,"15":1,"16":0,"17":0,"18":0,"19":0,"20":0,"21":0,"22":0,"23":0,"24":0,"25":0,"26":0,"27":0,"28":0,"29":0,"30":0,"31":0,"32":0,"33":0,"34":0,"35":4,"36":4,"37":1,"38":3,"39":3,"40":3,"41":3,"42":4,"43":0,"44":0,"45":0,"46":0,"47":0,"48":0,"49":0,"50":0,"51":0,"52":0,"53":0,"54":0,"55":0,"56":0,"57":0,"58":0,"59":0,"60":0,"61":1},"f":{"0":1,"1":1,"2":4,"3":5,"4":1,"5":0,"6":0,"7":4,"8":0,"9":0},"b":{"0":[0,1],"1":[1,1],"2":[0,1],"3":[1,0],"4":[0,0],"5":[0,0],"6":[0,0],"7":[0,0],"8":[0,0],"9":[1,3],"10":[0,0],"11":[0,0],"12":[0,0]}}
}
